app/build/intermediates/manifest_merge_blame_file/debug/manifest-merger-blame-debug-report.txt
1<?xml version="1.0" encoding="utf-8"?>
2<manifest xmlns:android="http://schemas.android.com/apk/res/android"
3    package="com.example.demoproject"
4    android:versionCode="1"
5    android:versionName="1.0" >
6
7    <uses-sdk
8        android:minSdkVersion="24"
8-->src\main\AndroidManifest.xml
9        android:targetSdkVersion="32" />
9-->src\main\AndroidManifest.xml
10
11    <uses-permission android:name="android.permission.INTERNET" />
11-->src\main\AndroidManifest.xml:5:5-67
11-->src\main\AndroidManifest.xml:5:22-64
12
13    <application
13-->src\main\AndroidManifest.xml:7:5-32:19
14        android:allowBackup="true"
14-->src\main\AndroidManifest.xml:8:9-35
15        android:appComponentFactory="androidx.core.app.CoreComponentFactory"
15-->[androidx.core:core:1.7.0] AndroidManifest.xml:24:18-86
16        android:debuggable="true"
17        android:extractNativeLibs="false"
18        android:icon="@mipmap/ic_launcher"
18-->src\main\AndroidManifest.xml:9:9-43
19        android:label="@string/app_name"
19-->src\main\AndroidManifest.xml:10:9-41
20        android:roundIcon="@mipmap/ic_launcher_round"
20-->src\main\AndroidManifest.xml:11:9-54
21        android:supportsRtl="true"
21-->src\main\AndroidManifest.xml:12:9-35
22        android:testOnly="true"
23        android:theme="@style/Theme.DemoProject" >
23-->src\main\AndroidManifest.xml:13:9-49
24        <activity
24-->src\main\AndroidManifest.xml:14:9-16:40
25            android:name="com.example.demoproject.TrainingActivity"
25-->src\main\AndroidManifest.xml:15:13-45
26            android:exported="false" />
26-->src\main\AndroidManifest.xml:16:13-37
27        <activity
27-->src\main\AndroidManifest.xml:17:9-19:40
28            android:name="com.example.demoproject.HomeActivity"
28-->src\main\AndroidManifest.xml:18:13-41
29            android:exported="false" />
29-->src\main\AndroidManifest.xml:19:13-37
30        <activity
30-->src\main\AndroidManifest.xml:20:9-22:40
31            android:name="com.example.demoproject.LoginActivity"
31-->src\main\AndroidManifest.xml:21:13-42
32            android:exported="false" />
32-->src\main\AndroidManifest.xml:22:13-37
33        <activity
33-->src\main\AndroidManifest.xml:23:9-31:20
34            android:name="com.example.demoproject.SplashScreenActivity"
34-->src\main\AndroidManifest.xml:24:13-49
35            android:exported="true" >
35-->src\main\AndroidManifest.xml:25:13-36
36            <intent-filter>
36-->src\main\AndroidManifest.xml:26:13-30:29
37                <action android:name="android.intent.action.MAIN" />
37-->src\main\AndroidManifest.xml:27:17-69
37-->src\main\AndroidManifest.xml:27:25-66
38
39                <category android:name="android.intent.category.LAUNCHER" />
39-->src\main\AndroidManifest.xml:29:17-77
39-->src\main\AndroidManifest.xml:29:27-74
40            </intent-filter>
41        </activity>
42
43        <uses-library
43-->[androidx.window:window:1.0.0] AndroidManifest.xml:25:9-27:40
44            android:name="androidx.window.extensions"
44-->[androidx.window:window:1.0.0] AndroidManifest.xml:26:13-54
45            android:required="false" />
45-->[androidx.window:window:1.0.0] AndroidManifest.xml:27:13-37
46        <uses-library
46-->[androidx.window:window:1.0.0] AndroidManifest.xml:28:9-30:40
47            android:name="androidx.window.sidecar"
47-->[androidx.window:window:1.0.0] AndroidManifest.xml:29:13-51
48            android:required="false" />
48-->[androidx.window:window:1.0.0] AndroidManifest.xml:30:13-37
49
50        <provider
50-->[androidx.emoji2:emoji2:1.0.0] AndroidManifest.xml:26:9-34:20
51            android:name="androidx.startup.InitializationProvider"
51-->[androidx.emoji2:emoji2:1.0.0] AndroidManifest.xml:27:13-67
52            android:authorities="com.example.demoproject.androidx-startup"
52-->[androidx.emoji2:emoji2:1.0.0] AndroidManifest.xml:28:13-68
53            android:exported="false" >
53-->[androidx.emoji2:emoji2:1.0.0] AndroidManifest.xml:29:13-37
54            <meta-data
54-->[androidx.emoji2:emoji2:1.0.0] AndroidManifest.xml:31:13-33:52
55                android:name="androidx.emoji2.text.EmojiCompatInitializer"
55-->[androidx.emoji2:emoji2:1.0.0] AndroidManifest.xml:32:17-75
56                android:value="androidx.startup" />
56-->[androidx.emoji2:emoji2:1.0.0] AndroidManifest.xml:33:17-49
57            <meta-data
57-->[androidx.lifecycle:lifecycle-process:2.4.0] AndroidManifest.xml:31:13-33:52
58                android:name="androidx.lifecycle.ProcessLifecycleInitializer"
58-->[androidx.lifecycle:lifecycle-process:2.4.0] AndroidManifest.xml:32:17-78
59                android:value="androidx.startup" />
59-->[androidx.lifecycle:lifecycle-process:2.4.0] AndroidManifest.xml:33:17-49
60        </provider>
61    </application>
62
63</manifest>